<?xml version="1.0" encoding="UTF-8"?>
<!-- Generated by org.testng.reporters.JUnitReportReporter -->
<testsuite hostname="Jitender" name="org.testing.testScripts.TC3" tests="1" failures="0" timestamp="4 Oct 2018 10:35:45 GMT" time="43.772" errors="0">
  <testcase name="test_case" time="43.772" classname="org.testing.testScripts.TC3"/>
</testsuite> <!-- org.testing.testScripts.TC3 -->
