<?xml version="1.0" encoding="UTF-8"?>
<!-- Generated by org.testng.reporters.JUnitReportReporter -->
<testsuite hostname="Jitender" name="org.testing.testScripts.TC4" tests="1" failures="0" timestamp="4 Oct 2018 10:35:45 GMT" time="46.838" errors="0">
  <testcase name="test_case" time="46.838" classname="org.testing.testScripts.TC4"/>
</testsuite> <!-- org.testing.testScripts.TC4 -->
